<?xml version="1.0" encoding="UTF-8"?>
<!-- Generated by org.testng.reporters.JUnitReportReporter -->
<testsuite hostname="DESKTOP-I2EN5JV" failures="0" tests="1" name="Airline_Application.Project_2.Tc_3" time="13.587" errors="0" timestamp="2024-07-24T19:30:11 IST" skipped="0">
  <testcase classname="Airline_Application.Project_2.Tc_3" name="login_with_invalid_credentials" time="13.587"/>
  <system-out/>
</testsuite> <!-- Airline_Application.Project_2.Tc_3 -->
